{"/home/reuter/repositories/poc-repos/calculator/src/models/transaction.js": {"path":"/home/reuter/repositories/poc-repos/calculator/src/models/transaction.js","statementMap":{"0":{"start":{"line":3,"column":0},"end":{"line":13,"column":2}},"1":{"start":{"line":5,"column":4},"end":{"line":5,"column":30}},"2":{"start":{"line":6,"column":4},"end":{"line":6,"column":34}},"3":{"start":{"line":7,"column":4},"end":{"line":7,"column":30}},"4":{"start":{"line":11,"column":4},"end":{"line":11,"column":76}}},"fnMap":{"0":{"name":"(anonymous_0)","decl":{"start":{"line":4,"column":2},"end":{"line":4,"column":3}},"loc":{"start":{"line":4,"column":20},"end":{"line":8,"column":3}},"line":4},"1":{"name":"(anonymous_1)","decl":{"start":{"line":10,"column":2},"end":{"line":10,"column":3}},"loc":{"start":{"line":10,"column":13},"end":{"line":12,"column":3}},"line":10}},"branchMap":{},"s":{"0":1,"1":33,"2":33,"3":33,"4":1},"f":{"0":33,"1":1},"b":{},"_coverageSchema":"43e27e138ebf9cfc5966b082cf9a028302ed4184","hash":"df1b69436af39aeb11747a798e3bcca97d7036f7","contentHash":"344dfe9d2c73c5bd00d0070b5d412c79"}
,"/home/reuter/repositories/poc-repos/calculator/src/services/calculator/billToTransactionConverter.js": {"path":"/home/reuter/repositories/poc-repos/calculator/src/services/calculator/billToTransactionConverter.js","statementMap":{"0":{"start":{"line":3,"column":20},"end":{"line":3,"column":55}},"1":{"start":{"line":4,"column":22},"end":{"line":4,"column":53}},"2":{"start":{"line":6,"column":0},"end":{"line":26,"column":2}},"3":{"start":{"line":7,"column":23},"end":{"line":7,"column":25}},"4":{"start":{"line":8,"column":16},"end":{"line":8,"column":51}},"5":{"start":{"line":10,"column":2},"end":{"line":23,"column":5}},"6":{"start":{"line":11,"column":24},"end":{"line":11,"column":46}},"7":{"start":{"line":12,"column":4},"end":{"line":22,"column":5}},"8":{"start":{"line":13,"column":6},"end":{"line":13,"column":34}},"9":{"start":{"line":15,"column":19},"end":{"line":15,"column":21}},"10":{"start":{"line":16,"column":6},"end":{"line":16,"column":44}},"11":{"start":{"line":17,"column":6},"end":{"line":17,"column":34}},"12":{"start":{"line":18,"column":6},"end":{"line":18,"column":26}},"13":{"start":{"line":19,"column":6},"end":{"line":21,"column":7}},"14":{"start":{"line":20,"column":8},"end":{"line":20,"column":55}},"15":{"start":{"line":25,"column":2},"end":{"line":25,"column":61}},"16":{"start":{"line":25,"column":44},"end":{"line":25,"column":59}}},"fnMap":{"0":{"name":"(anonymous_0)","decl":{"start":{"line":6,"column":17},"end":{"line":6,"column":18}},"loc":{"start":{"line":6,"column":27},"end":{"line":26,"column":1}},"line":6},"1":{"name":"(anonymous_1)","decl":{"start":{"line":10,"column":25},"end":{"line":10,"column":26}},"loc":{"start":{"line":10,"column":39},"end":{"line":23,"column":3}},"line":10},"2":{"name":"(anonymous_2)","decl":{"start":{"line":25,"column":39},"end":{"line":25,"column":40}},"loc":{"start":{"line":25,"column":44},"end":{"line":25,"column":59}},"line":25}},"branchMap":{"0":{"loc":{"start":{"line":12,"column":4},"end":{"line":22,"column":5}},"type":"if","locations":[{"start":{"line":12,"column":4},"end":{"line":22,"column":5}},{"start":{"line":12,"column":4},"end":{"line":22,"column":5}}],"line":12},"1":{"loc":{"start":{"line":19,"column":6},"end":{"line":21,"column":7}},"type":"if","locations":[{"start":{"line":19,"column":6},"end":{"line":21,"column":7}},{"start":{"line":19,"column":6},"end":{"line":21,"column":7}}],"line":19}},"s":{"0":1,"1":1,"2":1,"3":4,"4":4,"5":4,"6":15,"7":15,"8":2,"9":13,"10":13,"11":13,"12":13,"13":13,"14":12,"15":4,"16":12},"f":{"0":4,"1":15,"2":12},"b":{"0":[2,13],"1":[12,1]},"_coverageSchema":"43e27e138ebf9cfc5966b082cf9a028302ed4184","hash":"f40db392064418f16a9d2f1045a646e73ec04047","contentHash":"c7973189db69c2e8999faa1b85217df5"}
,"/home/reuter/repositories/poc-repos/calculator/src/services/calculator/groupTransactions.js": {"path":"/home/reuter/repositories/poc-repos/calculator/src/services/calculator/groupTransactions.js","statementMap":{"0":{"start":{"line":3,"column":26},"end":{"line":16,"column":1}},"1":{"start":{"line":4,"column":17},"end":{"line":4,"column":35}},"2":{"start":{"line":5,"column":19},"end":{"line":5,"column":39}},"3":{"start":{"line":7,"column":2},"end":{"line":7,"column":37}},"4":{"start":{"line":7,"column":20},"end":{"line":7,"column":37}},"5":{"start":{"line":9,"column":2},"end":{"line":13,"column":3}},"6":{"start":{"line":10,"column":4},"end":{"line":10,"column":40}},"7":{"start":{"line":12,"column":4},"end":{"line":12,"column":55}},"8":{"start":{"line":15,"column":2},"end":{"line":15,"column":13}},"9":{"start":{"line":18,"column":0},"end":{"line":18,"column":116}},"10":{"start":{"line":18,"column":33},"end":{"line":18,"column":115}},"11":{"start":{"line":18,"column":75},"end":{"line":18,"column":110}}},"fnMap":{"0":{"name":"(anonymous_0)","decl":{"start":{"line":3,"column":26},"end":{"line":3,"column":27}},"loc":{"start":{"line":3,"column":48},"end":{"line":16,"column":1}},"line":3},"1":{"name":"(anonymous_1)","decl":{"start":{"line":18,"column":17},"end":{"line":18,"column":18}},"loc":{"start":{"line":18,"column":33},"end":{"line":18,"column":115}},"line":18},"2":{"name":"(anonymous_2)","decl":{"start":{"line":18,"column":53},"end":{"line":18,"column":54}},"loc":{"start":{"line":18,"column":75},"end":{"line":18,"column":110}},"line":18}},"branchMap":{"0":{"loc":{"start":{"line":7,"column":2},"end":{"line":7,"column":37}},"type":"if","locations":[{"start":{"line":7,"column":2},"end":{"line":7,"column":37}},{"start":{"line":7,"column":2},"end":{"line":7,"column":37}}],"line":7},"1":{"loc":{"start":{"line":9,"column":2},"end":{"line":13,"column":3}},"type":"if","locations":[{"start":{"line":9,"column":2},"end":{"line":13,"column":3}},{"start":{"line":9,"column":2},"end":{"line":13,"column":3}}],"line":9}},"s":{"0":1,"1":20,"2":20,"3":20,"4":10,"5":20,"6":16,"7":4,"8":20,"9":1,"10":3,"11":20},"f":{"0":20,"1":3,"2":20},"b":{"0":[10,10],"1":[16,4]},"_coverageSchema":"43e27e138ebf9cfc5966b082cf9a028302ed4184","hash":"7e8c703f63d253c6ef275bb55eda1e7f16a3d2ae","contentHash":"b677dc23f1bff492fe7060e3fde3a1f0"}
,"/home/reuter/repositories/poc-repos/calculator/src/services/calculator/parser.js": {"path":"/home/reuter/repositories/poc-repos/calculator/src/services/calculator/parser.js","statementMap":{"0":{"start":{"line":3,"column":22},"end":{"line":3,"column":53}},"1":{"start":{"line":5,"column":0},"end":{"line":14,"column":2}},"2":{"start":{"line":6,"column":17},"end":{"line":6,"column":32}},"3":{"start":{"line":7,"column":15},"end":{"line":7,"column":17}},"4":{"start":{"line":9,"column":2},"end":{"line":9,"column":26}},"5":{"start":{"line":10,"column":2},"end":{"line":10,"column":41}},"6":{"start":{"line":11,"column":2},"end":{"line":11,"column":40}},"7":{"start":{"line":13,"column":2},"end":{"line":13,"column":14}}},"fnMap":{"0":{"name":"(anonymous_0)","decl":{"start":{"line":5,"column":17},"end":{"line":5,"column":18}},"loc":{"start":{"line":5,"column":27},"end":{"line":14,"column":1}},"line":5}},"branchMap":{},"s":{"0":1,"1":1,"2":4,"3":4,"4":4,"5":4,"6":4,"7":4},"f":{"0":4},"b":{},"_coverageSchema":"43e27e138ebf9cfc5966b082cf9a028302ed4184","hash":"3d508dbdb167b8902900625886f107395ea0b90c","contentHash":"da5b029a49b4a417243c679cb8dd5593"}
,"/home/reuter/repositories/poc-repos/calculator/src/services/calculator/reduceBiDirectionalDebit.js": {"path":"/home/reuter/repositories/poc-repos/calculator/src/services/calculator/reduceBiDirectionalDebit.js","statementMap":{"0":{"start":{"line":3,"column":26},"end":{"line":3,"column":56}},"1":{"start":{"line":5,"column":21},"end":{"line":24,"column":1}},"2":{"start":{"line":6,"column":2},"end":{"line":21,"column":5}},"3":{"start":{"line":7,"column":4},"end":{"line":20,"column":7}},"4":{"start":{"line":8,"column":6},"end":{"line":19,"column":7}},"5":{"start":{"line":9,"column":8},"end":{"line":18,"column":9}},"6":{"start":{"line":10,"column":10},"end":{"line":10,"column":42}},"7":{"start":{"line":11,"column":10},"end":{"line":11,"column":42}},"8":{"start":{"line":12,"column":15},"end":{"line":18,"column":9}},"9":{"start":{"line":13,"column":10},"end":{"line":13,"column":77}},"10":{"start":{"line":14,"column":10},"end":{"line":14,"column":42}},"11":{"start":{"line":16,"column":10},"end":{"line":16,"column":77}},"12":{"start":{"line":17,"column":10},"end":{"line":17,"column":42}},"13":{"start":{"line":23,"column":2},"end":{"line":23,"column":16}},"14":{"start":{"line":26,"column":0},"end":{"line":30,"column":1}},"15":{"start":{"line":27,"column":34},"end":{"line":27,"column":65}},"16":{"start":{"line":29,"column":2},"end":{"line":29,"column":47}}},"fnMap":{"0":{"name":"(anonymous_0)","decl":{"start":{"line":5,"column":21},"end":{"line":5,"column":22}},"loc":{"start":{"line":5,"column":33},"end":{"line":24,"column":1}},"line":5},"1":{"name":"(anonymous_1)","decl":{"start":{"line":6,"column":30},"end":{"line":6,"column":31}},"loc":{"start":{"line":6,"column":42},"end":{"line":21,"column":3}},"line":6},"2":{"name":"(anonymous_2)","decl":{"start":{"line":7,"column":40},"end":{"line":7,"column":41}},"loc":{"start":{"line":7,"column":54},"end":{"line":20,"column":5}},"line":7},"3":{"name":"(anonymous_3)","decl":{"start":{"line":26,"column":17},"end":{"line":26,"column":18}},"loc":{"start":{"line":26,"column":35},"end":{"line":30,"column":1}},"line":26}},"branchMap":{"0":{"loc":{"start":{"line":8,"column":6},"end":{"line":19,"column":7}},"type":"if","locations":[{"start":{"line":8,"column":6},"end":{"line":19,"column":7}},{"start":{"line":8,"column":6},"end":{"line":19,"column":7}}],"line":8},"1":{"loc":{"start":{"line":9,"column":8},"end":{"line":18,"column":9}},"type":"if","locations":[{"start":{"line":9,"column":8},"end":{"line":18,"column":9}},{"start":{"line":9,"column":8},"end":{"line":18,"column":9}}],"line":9},"2":{"loc":{"start":{"line":12,"column":15},"end":{"line":18,"column":9}},"type":"if","locations":[{"start":{"line":12,"column":15},"end":{"line":18,"column":9}},{"start":{"line":12,"column":15},"end":{"line":18,"column":9}}],"line":12}},"s":{"0":1,"1":1,"2":1,"3":4,"4":4,"5":3,"6":1,"7":1,"8":2,"9":1,"10":1,"11":1,"12":1,"13":1,"14":1,"15":1,"16":1},"f":{"0":1,"1":4,"2":4,"3":1},"b":{"0":[3,1],"1":[1,2],"2":[1,1]},"_coverageSchema":"43e27e138ebf9cfc5966b082cf9a028302ed4184","hash":"8d08028ddc92a431a4774a7114ad4f40f1a26ac6","contentHash":"ff333f3dd3ec6ebea1e7508dd1ad4206"}
,"/home/reuter/repositories/poc-repos/calculator/src/services/calculator/reduceTransactions.js": {"path":"/home/reuter/repositories/poc-repos/calculator/src/services/calculator/reduceTransactions.js","statementMap":{"0":{"start":{"line":3,"column":26},"end":{"line":24,"column":1}},"1":{"start":{"line":4,"column":17},"end":{"line":4,"column":35}},"2":{"start":{"line":5,"column":19},"end":{"line":5,"column":39}},"3":{"start":{"line":7,"column":21},"end":{"line":7,"column":76}},"4":{"start":{"line":9,"column":2},"end":{"line":23,"column":3}},"5":{"start":{"line":10,"column":4},"end":{"line":22,"column":7}},"6":{"start":{"line":11,"column":6},"end":{"line":21,"column":7}},"7":{"start":{"line":12,"column":8},"end":{"line":20,"column":9}},"8":{"start":{"line":13,"column":10},"end":{"line":13,"column":74}},"9":{"start":{"line":14,"column":10},"end":{"line":14,"column":69}},"10":{"start":{"line":15,"column":10},"end":{"line":15,"column":43}},"11":{"start":{"line":16,"column":15},"end":{"line":20,"column":9}},"12":{"start":{"line":17,"column":10},"end":{"line":17,"column":74}},"13":{"start":{"line":18,"column":10},"end":{"line":18,"column":72}},"14":{"start":{"line":19,"column":10},"end":{"line":19,"column":46}},"15":{"start":{"line":26,"column":0},"end":{"line":34,"column":2}},"16":{"start":{"line":27,"column":2},"end":{"line":31,"column":5}},"17":{"start":{"line":28,"column":4},"end":{"line":30,"column":7}},"18":{"start":{"line":29,"column":6},"end":{"line":29,"column":58}},"19":{"start":{"line":33,"column":2},"end":{"line":33,"column":16}}},"fnMap":{"0":{"name":"(anonymous_0)","decl":{"start":{"line":3,"column":26},"end":{"line":3,"column":27}},"loc":{"start":{"line":3,"column":51},"end":{"line":24,"column":1}},"line":3},"1":{"name":"(anonymous_1)","decl":{"start":{"line":10,"column":40},"end":{"line":10,"column":41}},"loc":{"start":{"line":10,"column":49},"end":{"line":22,"column":5}},"line":10},"2":{"name":"(anonymous_2)","decl":{"start":{"line":26,"column":17},"end":{"line":26,"column":18}},"loc":{"start":{"line":26,"column":29},"end":{"line":34,"column":1}},"line":26},"3":{"name":"(anonymous_3)","decl":{"start":{"line":27,"column":30},"end":{"line":27,"column":31}},"loc":{"start":{"line":27,"column":42},"end":{"line":31,"column":3}},"line":27},"4":{"name":"(anonymous_4)","decl":{"start":{"line":28,"column":40},"end":{"line":28,"column":41}},"loc":{"start":{"line":28,"column":54},"end":{"line":30,"column":5}},"line":28}},"branchMap":{"0":{"loc":{"start":{"line":7,"column":21},"end":{"line":7,"column":76}},"type":"cond-expr","locations":[{"start":{"line":7,"column":42},"end":{"line":7,"column":71}},{"start":{"line":7,"column":74},"end":{"line":7,"column":76}}],"line":7},"1":{"loc":{"start":{"line":9,"column":2},"end":{"line":23,"column":3}},"type":"if","locations":[{"start":{"line":9,"column":2},"end":{"line":23,"column":3}},{"start":{"line":9,"column":2},"end":{"line":23,"column":3}}],"line":9},"2":{"loc":{"start":{"line":9,"column":6},"end":{"line":9,"column":41}},"type":"binary-expr","locations":[{"start":{"line":9,"column":6},"end":{"line":9,"column":16}},{"start":{"line":9,"column":20},"end":{"line":9,"column":41}}],"line":9},"3":{"loc":{"start":{"line":11,"column":6},"end":{"line":21,"column":7}},"type":"if","locations":[{"start":{"line":11,"column":6},"end":{"line":21,"column":7}},{"start":{"line":11,"column":6},"end":{"line":21,"column":7}}],"line":11},"4":{"loc":{"start":{"line":12,"column":8},"end":{"line":20,"column":9}},"type":"if","locations":[{"start":{"line":12,"column":8},"end":{"line":20,"column":9}},{"start":{"line":12,"column":8},"end":{"line":20,"column":9}}],"line":12},"5":{"loc":{"start":{"line":16,"column":15},"end":{"line":20,"column":9}},"type":"if","locations":[{"start":{"line":16,"column":15},"end":{"line":20,"column":9}},{"start":{"line":16,"column":15},"end":{"line":20,"column":9}}],"line":16}},"s":{"0":1,"1":6,"2":6,"3":6,"4":6,"5":3,"6":8,"7":4,"8":2,"9":2,"10":2,"11":2,"12":2,"13":2,"14":2,"15":1,"16":1,"17":3,"18":6,"19":1},"f":{"0":6,"1":8,"2":1,"3":3,"4":6},"b":{"0":[3,3],"1":[3,3],"2":[6,6],"3":[4,4],"4":[2,2],"5":[2,0]},"_coverageSchema":"43e27e138ebf9cfc5966b082cf9a028302ed4184","hash":"85a1b7ff974ab2fafcbf2b81feb5337b38236d32","contentHash":"3ee71bd7aa35612af41db1a22c89f62d"}
,"/home/reuter/repositories/poc-repos/calculator/src/services/calculator/util/capitalizeStr.js": {"path":"/home/reuter/repositories/poc-repos/calculator/src/services/calculator/util/capitalizeStr.js","statementMap":{"0":{"start":{"line":3,"column":0},"end":{"line":8,"column":2}},"1":{"start":{"line":4,"column":2},"end":{"line":4,"column":84}},"2":{"start":{"line":4,"column":29},"end":{"line":4,"column":84}},"3":{"start":{"line":5,"column":2},"end":{"line":5,"column":39}},"4":{"start":{"line":5,"column":29},"end":{"line":5,"column":39}},"5":{"start":{"line":7,"column":2},"end":{"line":7,"column":48}}},"fnMap":{"0":{"name":"(anonymous_0)","decl":{"start":{"line":3,"column":17},"end":{"line":3,"column":18}},"loc":{"start":{"line":3,"column":24},"end":{"line":8,"column":1}},"line":3}},"branchMap":{"0":{"loc":{"start":{"line":4,"column":2},"end":{"line":4,"column":84}},"type":"if","locations":[{"start":{"line":4,"column":2},"end":{"line":4,"column":84}},{"start":{"line":4,"column":2},"end":{"line":4,"column":84}}],"line":4},"1":{"loc":{"start":{"line":5,"column":2},"end":{"line":5,"column":39}},"type":"if","locations":[{"start":{"line":5,"column":2},"end":{"line":5,"column":39}},{"start":{"line":5,"column":2},"end":{"line":5,"column":39}}],"line":5}},"s":{"0":1,"1":22,"2":1,"3":21,"4":1,"5":20},"f":{"0":22},"b":{"0":[1,21],"1":[1,20]},"_coverageSchema":"43e27e138ebf9cfc5966b082cf9a028302ed4184","hash":"1427eb1046b7b309d9a2d418f0f5785c66fa7884","contentHash":"04c4674f6c63ea9a422f5dcfacb93613"}
}
