TN:
SF:/home/reuter/repositories/poc-repos/calculator/src/models/transaction.js
FN:4,(anonymous_0)
FN:10,(anonymous_1)
FNF:2
FNH:2
FNDA:33,(anonymous_0)
FNDA:1,(anonymous_1)
DA:3,1
DA:5,33
DA:6,33
DA:7,33
DA:11,1
LF:5
LH:5
BRF:0
BRH:0
end_of_record
TN:
SF:/home/reuter/repositories/poc-repos/calculator/src/services/calculator/billToTransactionConverter.js
FN:6,(anonymous_0)
FN:10,(anonymous_1)
FN:25,(anonymous_2)
FNF:3
FNH:3
FNDA:4,(anonymous_0)
FNDA:15,(anonymous_1)
FNDA:12,(anonymous_2)
DA:3,1
DA:4,1
DA:6,1
DA:7,4
DA:8,4
DA:10,4
DA:11,15
DA:12,15
DA:13,2
DA:15,13
DA:16,13
DA:17,13
DA:18,13
DA:19,13
DA:20,12
DA:25,12
LF:16
LH:16
BRDA:12,0,0,2
BRDA:12,0,1,13
BRDA:19,1,0,12
BRDA:19,1,1,1
BRF:4
BRH:4
end_of_record
TN:
SF:/home/reuter/repositories/poc-repos/calculator/src/services/calculator/groupTransactions.js
FN:3,(anonymous_0)
FN:18,(anonymous_1)
FN:18,(anonymous_2)
FNF:3
FNH:3
FNDA:20,(anonymous_0)
FNDA:3,(anonymous_1)
FNDA:20,(anonymous_2)
DA:3,1
DA:4,20
DA:5,20
DA:7,20
DA:9,20
DA:10,16
DA:12,4
DA:15,20
DA:18,20
LF:9
LH:9
BRDA:7,0,0,10
BRDA:7,0,1,10
BRDA:9,1,0,16
BRDA:9,1,1,4
BRF:4
BRH:4
end_of_record
TN:
SF:/home/reuter/repositories/poc-repos/calculator/src/services/calculator/parser.js
FN:5,(anonymous_0)
FNF:1
FNH:1
FNDA:4,(anonymous_0)
DA:3,1
DA:5,1
DA:6,4
DA:7,4
DA:9,4
DA:10,4
DA:11,4
DA:13,4
LF:8
LH:8
BRF:0
BRH:0
end_of_record
TN:
SF:/home/reuter/repositories/poc-repos/calculator/src/services/calculator/reduceBiDirectionalDebit.js
FN:5,(anonymous_0)
FN:6,(anonymous_1)
FN:7,(anonymous_2)
FN:26,(anonymous_3)
FNF:4
FNH:4
FNDA:1,(anonymous_0)
FNDA:4,(anonymous_1)
FNDA:4,(anonymous_2)
FNDA:1,(anonymous_3)
DA:3,1
DA:5,1
DA:6,1
DA:7,4
DA:8,4
DA:9,3
DA:10,1
DA:11,1
DA:12,2
DA:13,1
DA:14,1
DA:16,1
DA:17,1
DA:23,1
DA:26,1
DA:27,1
DA:29,1
LF:17
LH:17
BRDA:8,0,0,3
BRDA:8,0,1,1
BRDA:9,1,0,1
BRDA:9,1,1,2
BRDA:12,2,0,1
BRDA:12,2,1,1
BRF:6
BRH:6
end_of_record
TN:
SF:/home/reuter/repositories/poc-repos/calculator/src/services/calculator/reduceTransactions.js
FN:3,(anonymous_0)
FN:10,(anonymous_1)
FN:26,(anonymous_2)
FN:27,(anonymous_3)
FN:28,(anonymous_4)
FNF:5
FNH:5
FNDA:6,(anonymous_0)
FNDA:8,(anonymous_1)
FNDA:1,(anonymous_2)
FNDA:3,(anonymous_3)
FNDA:6,(anonymous_4)
DA:3,1
DA:4,6
DA:5,6
DA:7,6
DA:9,6
DA:10,3
DA:11,8
DA:12,4
DA:13,2
DA:14,2
DA:15,2
DA:16,2
DA:17,2
DA:18,2
DA:19,2
DA:26,1
DA:27,1
DA:28,3
DA:29,6
DA:33,1
LF:20
LH:20
BRDA:7,0,0,3
BRDA:7,0,1,3
BRDA:9,1,0,3
BRDA:9,1,1,3
BRDA:9,2,0,6
BRDA:9,2,1,6
BRDA:11,3,0,4
BRDA:11,3,1,4
BRDA:12,4,0,2
BRDA:12,4,1,2
BRDA:16,5,0,2
BRDA:16,5,1,0
BRF:12
BRH:11
end_of_record
TN:
SF:/home/reuter/repositories/poc-repos/calculator/src/services/calculator/util/capitalizeStr.js
FN:3,(anonymous_0)
FNF:1
FNH:1
FNDA:22,(anonymous_0)
DA:3,1
DA:4,22
DA:5,21
DA:7,20
LF:4
LH:4
BRDA:4,0,0,1
BRDA:4,0,1,21
BRDA:5,1,0,1
BRDA:5,1,1,20
BRF:4
BRH:4
end_of_record
